#
# A fatal error has been detected by the Java Runtime Environment:
#
#  SIGSEGV (0xb) at pc=0x00007ffde0b6db5a, pid=17112, tid=140727963031296
#
# JRE version: Java(TM) SE Runtime Environment (8.0_31-b13) (build 1.8.0_31-b13)
# Java VM: Java HotSpot(TM) 64-Bit Server VM (25.31-b07 mixed mode linux-amd64 compressed oops)
# Problematic frame:
# V  [libjvm.so+0xa6eb5a]  interpretedVFrame::monitors() const+0x1ea
#
# Failed to write core dump. Core dumps have been disabled. To enable core dumping, try "ulimit -c unlimited" before starting Java again
#
# If you would like to submit a bug report, please visit:
#   http://bugreport.java.com/bugreport/crash.jsp
#

---------------  T H R E A D  ---------------

Current thread (0x00007ffdd80ba000):  JavaThread "JDWP Transport Listener: dt_socket" daemon [_thread_in_vm, id=17129, stack(0x00007ffdc82f1000,0x00007ffdc83f2000)]

siginfo: si_signo: 11 (SIGSEGV), si_code: 2 (SEGV_ACCERR), si_addr: 0x00007ffde1b70ff0

Registers:
RAX=0x00000000e1b0d0e8, RBX=0x00007ffd901522b0, RCX=0x00007ffde1a7d320, RDX=0x000000000000faa6
RSP=0x00007ffdc83f0140, RBP=0x00007ffdc83f0240, RSI=0x0000000000000000, RDI=0x0000000000000020
R8 =0x0000000000000000, R9 =0x0000000000214000, R10=0x0000000000000022, R11=0x000000009c000001
R12=0x0000000000000000, R13=0x00007ffd9c2194e0, R14=0x00007ffd90151cb0, R15=0x00007ffde1b70fe8
RIP=0x00007ffde0b6db5a, EFLAGS=0x0000000000010246, CSGSFS=0x0000000000000033, ERR=0x0000000000000004
  TRAPNO=0x000000000000000e

Top of Stack: (sp=0x00007ffdc83f0140)
0x00007ffdc83f0140:   00007ffdc83f0150 00007ffdc83f0180
0x00007ffdc83f0150:   00007ffde1c6ba40 00007ffdc9007a0d
0x00007ffdc83f0160:   00007ffdc9005310 00007ffd00000000
0x00007ffdc83f0170:   00007ffde1c6baa8 00007ffde1c6ba68
0x00007ffdc83f0180:   00007ffde1c6ba40 00007ffdc9007a0d
0x00007ffdc83f0190:   00007ffdc9005310 00007ffd00000000
0x00007ffdc83f01a0:   00007ffde1c6baa8 00007ffde1c6ba68
0x00007ffdc83f01b0:   00007ffde1c6ba40 00007ffdc9007a0d
0x00007ffdc83f01c0:   00007ffdc9005310 00007ffd00000000
0x00007ffdc83f01d0:   00007ffde1c6baa8 00007ffde1c6ba68
0x00007ffdc83f01e0:   00007ffde1c6ba40 00007ffdc9007a0d
0x00007ffdc83f01f0:   00007ffdc9005310 00007ffd00000000
0x00007ffdc83f0200:   00007ffde1c6baa8 00007ffde1c6ba68
0x00007ffdc83f0210:   00007ffd90152200 0000000000000000
0x00007ffdc83f0220:   00007ffdd800c000 00007ffd9c005970
0x00007ffdc83f0230:   00007ffde1017960 00007ffdd80b0640
0x00007ffdc83f0240:   00007ffdc83f0320 00007ffde085cf76
0x00007ffdc83f0250:   0000000000000000 0000000000000000
0x00007ffdc83f0260:   0000000100000000 00007ffdd80ba000
0x00007ffdc83f0270:   0000000000000000 0000000000000000
0x00007ffdc83f0280:   0000000000000000 00000000000083b0
0x00007ffdc83f0290:   00007ffdd80b0640 00007ffd90159688
0x00007ffdc83f02a0:   00007ffd901522b0 00007ffd901516a0
0x00007ffdc83f02b0:   00007ffdc9005310 00007ffd00000000
0x00007ffdc83f02c0:   00007ffde1c6baa8 00007ffde1c6ba68
0x00007ffdc83f02d0:   00007ffde1c6b9f0 0000000000000001
0x00007ffdc83f02e0:   00007ffd901516b0 0000000000000000
0x00007ffdc83f02f0:   00007ffde1017960 0000000000000001
0x00007ffdc83f0300:   00007ffd90151cb0 0000000000000000
0x00007ffdc83f0310:   00007ffde1017960 00007ffdd80b0640
0x00007ffdc83f0320:   00007ffdc83f09e0 00007ffde085e7bc
0x00007ffdc83f0330:   00007ffdc83f0380 00007ffdc83f0940 

Instructions: (pc=0x00007ffde0b6db5a)
0x00007ffde0b6db3a:   49 8b 46 30 48 89 85 68 ff ff ff e8 f6 6c b0 ff
0x00007ffde0b6db4a:   49 39 c7 0f 82 dd 00 00 00 31 f6 bf 20 00 00 00
0x00007ffde0b6db5a:   4d 8b 67 08 e8 dd d3 ef ff 48 85 c0 49 89 c5 74
0x00007ffde0b6db6a:   17 4c 89 20 48 c7 40 10 00 00 00 00 4c 89 78 08 

Register to memory mapping:

RAX=0x00000000e1b0d0e8 is an oop
java.lang.NullPointerException 
 - klass: 'java/lang/NullPointerException'
RBX=0x00007ffd901522b0 is an unknown value
RCX=0x00007ffde1a7d320: <offset 0x219320> in /lib/x86_64-linux-gnu/libpthread.so.0 at 0x00007ffde1864000
RDX=0x000000000000faa6 is an unknown value
RSP=0x00007ffdc83f0140 is pointing into the stack for thread: 0x00007ffdd80ba000
RBP=0x00007ffdc83f0240 is pointing into the stack for thread: 0x00007ffdd80ba000
RSI=0x0000000000000000 is an unknown value
RDI=0x0000000000000020 is an unknown value
R8 =0x0000000000000000 is an unknown value
R9 =0x0000000000214000 is an unknown value
R10=0x0000000000000022 is an unknown value
R11=0x000000009c000001 is an unknown value
R12=0x0000000000000000 is an unknown value
R13=0x00007ffd9c2194e0 is an unknown value
R14=0x00007ffd90151cb0 is an unknown value
R15=0x00007ffde1b70fe8 is pointing into the stack for thread: 0x00007ffdd800c000


Stack: [0x00007ffdc82f1000,0x00007ffdc83f2000],  sp=0x00007ffdc83f0140,  free space=1020k
Native frames: (J=compiled Java code, j=interpreted, Vv=VM code, C=native code)
V  [libjvm.so+0xa6eb5a]  interpretedVFrame::monitors() const+0x1ea
V  [libjvm.so+0x75df76]  JvmtiEnvBase::get_locked_objects_in_frame(JavaThread*, JavaThread*, javaVFrame*, GrowableArray<_jvmtiMonitorStackDepthInfo*>*, int)+0x86
V  [libjvm.so+0x75f7bc]  JvmtiEnvBase::get_owned_monitors(JavaThread*, JavaThread*, GrowableArray<_jvmtiMonitorStackDepthInfo*>*)+0x10c
V  [libjvm.so+0x753c10]  JvmtiEnv::GetOwnedMonitorInfo(JavaThread*, int*, _jobject***)+0xe0
V  [libjvm.so+0x715af9]  jvmti_GetOwnedMonitorInfo+0x2f9
C  [libjdwp.so+0xa330]  ownedMonitors+0xd0
C  [libjdwp.so+0x11976]  debugLoop_run+0x2b6
C  [libjdwp.so+0x247af]  attachThread+0x2f
V  [libjvm.so+0x774ff2]  JvmtiAgentThread::call_start_function()+0xc2
V  [libjvm.so+0xa2a9ef]  JavaThread::thread_main_inner()+0xdf
V  [libjvm.so+0xa2ab1c]  JavaThread::run()+0x11c
V  [libjvm.so+0x8e8158]  java_start(Thread*)+0x108
C  [libpthread.so.0+0x8182]  start_thread+0xc2


---------------  P R O C E S S  ---------------

Java Threads: ( => current thread )
  0x00007ffdd80c9800 JavaThread "Service Thread" daemon [_thread_blocked, id=17139, stack(0x00007ffdb0e3c000,0x00007ffdb0f3d000)]
  0x00007ffdd80c4800 JavaThread "C1 CompilerThread2" daemon [_thread_blocked, id=17138, stack(0x00007ffdb0f3d000,0x00007ffdb103e000)]
  0x00007ffdd80c2800 JavaThread "C2 CompilerThread1" daemon [_thread_blocked, id=17137, stack(0x00007ffdb103e000,0x00007ffdb113f000)]
  0x00007ffdd80bf800 JavaThread "C2 CompilerThread0" daemon [_thread_blocked, id=17136, stack(0x00007ffdb113f000,0x00007ffdb1240000)]
  0x00007ffd9c001000 JavaThread "JDWP Command Reader" daemon [_thread_in_native, id=17131, stack(0x00007ffdc80ef000,0x00007ffdc81f0000)]
  0x00007ffdd80bd800 JavaThread "JDWP Event Helper Thread" daemon [_thread_blocked, id=17130, stack(0x00007ffdc81f0000,0x00007ffdc82f1000)]
=>0x00007ffdd80ba000 JavaThread "JDWP Transport Listener: dt_socket" daemon [_thread_in_vm, id=17129, stack(0x00007ffdc82f1000,0x00007ffdc83f2000)]
  0x00007ffdd80aa800 JavaThread "Signal Dispatcher" daemon [_thread_blocked, id=17127, stack(0x00007ffdc85f6000,0x00007ffdc86f7000)]
  0x00007ffdd807e800 JavaThread "Finalizer" daemon [_thread_blocked, id=17125, stack(0x00007ffdc86f7000,0x00007ffdc87f8000)]
  0x00007ffdd807c800 JavaThread "Reference Handler" daemon [_thread_blocked, id=17124, stack(0x00007ffdc87f8000,0x00007ffdc88f9000)]
  0x00007ffdd800c000 JavaThread "main" [_thread_blocked, id=17115, stack(0x00007ffde1b6e000,0x00007ffde1c6f000)]

Other Threads:
  0x00007ffdd8077800 VMThread [stack: 0x00007ffdc88f9000,0x00007ffdc89fa000] [id=17123]
  0x00007ffdd80cc800 WatcherThread [stack: 0x00007ffdb0d3b000,0x00007ffdb0e3c000] [id=17140]

VM state:not at safepoint (normal execution)

VM Mutex/Monitor currently owned by a thread: None

Heap:
 PSYoungGen      total 27648K, used 3369K [0x00000000e1800000, 0x00000000e3680000, 0x0000000100000000)
  eden space 24064K, 14% used [0x00000000e1800000,0x00000000e1b4a5d8,0x00000000e2f80000)
  from space 3584K, 0% used [0x00000000e3300000,0x00000000e3300000,0x00000000e3680000)
  to   space 3584K, 0% used [0x00000000e2f80000,0x00000000e2f80000,0x00000000e3300000)
 ParOldGen       total 62976K, used 0K [0x00000000a4800000, 0x00000000a8580000, 0x00000000e1800000)
  object space 62976K, 0% used [0x00000000a4800000,0x00000000a4800000,0x00000000a8580000)
 Metaspace       used 3626K, capacity 4640K, committed 4864K, reserved 1056768K
  class space    used 401K, capacity 430K, committed 512K, reserved 1048576K

Card table byte_map: [0x00007ffdddd0b000,0x00007ffdddfe8000] byte_map_base: 0x00007ffddd7e7000

Marking Bits: (ParMarkBitMap*) 0x00007ffde105a2a0
 Begin Bits: [0x00007ffdb1240000, 0x00007ffdb2920000)
 End Bits:   [0x00007ffdb2920000, 0x00007ffdb4000000)

Polling page: 0x00007ffde1ca1000

CodeCache: size=245760Kb used=1408Kb max_used=1408Kb free=244351Kb
 bounds [0x00007ffdc9000000, 0x00007ffdc9270000, 0x00007ffdd8000000]
 total_blobs=428 nmethods=180 adapters=171
 compilation: enabled

Compilation events (10 events):
Event: 0,444 Thread 0x00007ffdd80c4800  169       3       jdk.internal.org.objectweb.asm.Frame::push (110 bytes)
Event: 0,445 Thread 0x00007ffdd80c4800 nmethod 169 0x00007ffdc915ec90 code [0x00007ffdc915ee20, 0x00007ffdc915f328]
Event: 0,445 Thread 0x00007ffdd80c4800  174       3       java.util.AbstractList::<init> (10 bytes)
Event: 0,445 Thread 0x00007ffdd80c4800 nmethod 174 0x00007ffdc915f510 code [0x00007ffdc915f680, 0x00007ffdc915f890]
Event: 0,445 Thread 0x00007ffdd80c4800  178       3       java.lang.invoke.LambdaForm::typeClass (131 bytes)
Event: 0,445 Thread 0x00007ffdd80c4800 nmethod 178 0x00007ffdc915f990 code [0x00007ffdc915fb00, 0x00007ffdc915fd10]
Event: 0,445 Thread 0x00007ffdd80c4800  180       1       java.io.File::getPath (5 bytes)
Event: 0,445 Thread 0x00007ffdd80c4800 nmethod 180 0x00007ffdc915fd90 code [0x00007ffdc915fee0, 0x00007ffdc915fff0]
Event: 0,445 Thread 0x00007ffdd80c4800  179       1       java.lang.invoke.MethodTypeForm::erasedType (5 bytes)
Event: 0,445 Thread 0x00007ffdd80c4800 nmethod 179 0x00007ffdc9160050 code [0x00007ffdc91601a0, 0x00007ffdc91602b0]

GC Heap History (0 events):
No events

Deoptimization events (0 events):
No events

Internal exceptions (10 events):
Event: 0,343 Thread 0x00007ffdd800c000 Exception <a 'java/security/PrivilegedActionException'> (0x00000000e1857d68) thrown at [/HUDSON/workspace/8-2-build-linux-amd64/jdk8u31/2394/hotspot/src/share/vm/prims/jvm.cpp, line 1312]
Event: 0,399 Thread 0x00007ffdd800c000 Exception <a 'java/lang/ClassNotFoundException': java/lang/Null> (0x00000000e1a46a00) thrown at [/HUDSON/workspace/8-2-build-linux-amd64/jdk8u31/2394/hotspot/src/share/vm/classfile/systemDictionary.cpp, line 202]
Event: 0,418 Thread 0x00007ffdd800c000 Exception <a 'java/lang/NoSuchFieldError': method resolution failed> (0x00000000e1aaa5c0) thrown at [/HUDSON/workspace/8-2-build-linux-amd64/jdk8u31/2394/hotspot/src/share/vm/prims/methodHandles.cpp, line 1159]
Event: 0,428 Thread 0x00007ffdd800c000 Exception <a 'java/lang/NoSuchFieldError': method resolution failed> (0x00000000e1ab91b8) thrown at [/HUDSON/workspace/8-2-build-linux-amd64/jdk8u31/2394/hotspot/src/share/vm/prims/methodHandles.cpp, line 1159]
Event: 0,430 Thread 0x00007ffdd800c000 Exception <a 'java/lang/NoSuchFieldError': method resolution failed> (0x00000000e1abc318) thrown at [/HUDSON/workspace/8-2-build-linux-amd64/jdk8u31/2394/hotspot/src/share/vm/prims/methodHandles.cpp, line 1159]
Event: 0,445 Thread 0x00007ffdd800c000 Exception <a 'java/security/PrivilegedActionException'> (0x00000000e1b0a470) thrown at [/HUDSON/workspace/8-2-build-linux-amd64/jdk8u31/2394/hotspot/src/share/vm/prims/jvm.cpp, line 1312]
Event: 0,445 Thread 0x00007ffdd800c000 Exception <a 'java/security/PrivilegedActionException'> (0x00000000e1b0a628) thrown at [/HUDSON/workspace/8-2-build-linux-amd64/jdk8u31/2394/hotspot/src/share/vm/prims/jvm.cpp, line 1312]
Event: 0,445 Thread 0x00007ffdd800c000 Exception <a 'java/security/PrivilegedActionException'> (0x00000000e1b0c9b8) thrown at [/HUDSON/workspace/8-2-build-linux-amd64/jdk8u31/2394/hotspot/src/share/vm/prims/jvm.cpp, line 1312]
Event: 0,445 Thread 0x00007ffdd800c000 Exception <a 'java/security/PrivilegedActionException'> (0x00000000e1b0cb70) thrown at [/HUDSON/workspace/8-2-build-linux-amd64/jdk8u31/2394/hotspot/src/share/vm/prims/jvm.cpp, line 1312]
Event: 0,445 Thread 0x00007ffdd800c000 Exception <a 'java/lang/NullPointerException'> (0x00000000e1b0d0e8) thrown at [/HUDSON/workspace/8-2-build-linux-amd64/jdk8u31/2394/hotspot/src/share/vm/interpreter/linkResolver.cpp, line 1178]

Events (10 events):
Event: 5,932 Executing VM operation: ChangeSingleStep
Event: 5,932 Executing VM operation: ChangeSingleStep done
Event: 5,938 Executing VM operation: EnterInterpOnlyMode
Event: 5,938 Executing VM operation: EnterInterpOnlyMode done
Event: 5,938 Executing VM operation: GetCurrentLocation
Event: 5,938 Executing VM operation: GetCurrentLocation done
Event: 5,938 Executing VM operation: ChangeSingleStep
Event: 5,938 Executing VM operation: ChangeSingleStep done
Event: 5,939 Executing VM operation: ChangeSingleStep
Event: 5,939 Executing VM operation: ChangeSingleStep done


Dynamic libraries:
00400000-00401000 r-xp 00000000 08:08 2761410                            /usr/lib/jvm/java-8-oracle/bin/java
00600000-00601000 rw-p 00000000 08:08 2761410                            /usr/lib/jvm/java-8-oracle/bin/java
007ce000-007ef000 rw-p 00000000 00:00 0                                  [heap]
a4800000-a8580000 rw-p 00000000 00:00 0 
a8580000-e1800000 ---p 00000000 00:00 0 
e1800000-e3680000 rw-p 00000000 00:00 0 
e3680000-100000000 ---p 00000000 00:00 0 
100000000-100080000 rw-p 00000000 00:00 0 
100080000-140000000 ---p 00000000 00:00 0 
7ffd84000000-7ffd84021000 rw-p 00000000 00:00 0 
7ffd84021000-7ffd88000000 ---p 00000000 00:00 0 
7ffd88000000-7ffd88021000 rw-p 00000000 00:00 0 
7ffd88021000-7ffd8c000000 ---p 00000000 00:00 0 
7ffd8c000000-7ffd8c076000 rw-p 00000000 00:00 0 
7ffd8c076000-7ffd90000000 ---p 00000000 00:00 0 
7ffd90000000-7ffd90196000 rw-p 00000000 00:00 0 
7ffd90196000-7ffd94000000 ---p 00000000 00:00 0 
7ffd94000000-7ffd94021000 rw-p 00000000 00:00 0 
7ffd94021000-7ffd98000000 ---p 00000000 00:00 0 
7ffd98000000-7ffd98040000 rw-p 00000000 00:00 0 
7ffd98040000-7ffd9c000000 ---p 00000000 00:00 0 
7ffd9c000000-7ffd9c236000 rw-p 00000000 00:00 0 
7ffd9c236000-7ffda0000000 ---p 00000000 00:00 0 
7ffda0000000-7ffda0021000 rw-p 00000000 00:00 0 
7ffda0021000-7ffda4000000 ---p 00000000 00:00 0 
7ffda4000000-7ffda4021000 rw-p 00000000 00:00 0 
7ffda4021000-7ffda8000000 ---p 00000000 00:00 0 
7ffda8000000-7ffda8021000 rw-p 00000000 00:00 0 
7ffda8021000-7ffdac000000 ---p 00000000 00:00 0 
7ffdac000000-7ffdac021000 rw-p 00000000 00:00 0 
7ffdac021000-7ffdb0000000 ---p 00000000 00:00 0 
7ffdb0a24000-7ffdb0d3b000 rw-p 00000000 00:00 0 
7ffdb0d3b000-7ffdb0d3c000 ---p 00000000 00:00 0 
7ffdb0d3c000-7ffdb0e3c000 rw-p 00000000 00:00 0                          [stack:17140]
7ffdb0e3c000-7ffdb0e3f000 ---p 00000000 00:00 0 
7ffdb0e3f000-7ffdb0f3d000 rw-p 00000000 00:00 0                          [stack:17139]
7ffdb0f3d000-7ffdb0f40000 ---p 00000000 00:00 0 
7ffdb0f40000-7ffdb103e000 rw-p 00000000 00:00 0                          [stack:17138]
7ffdb103e000-7ffdb1041000 ---p 00000000 00:00 0 
7ffdb1041000-7ffdb113f000 rw-p 00000000 00:00 0                          [stack:17137]
7ffdb113f000-7ffdb1142000 ---p 00000000 00:00 0 
7ffdb1142000-7ffdb4000000 rw-p 00000000 00:00 0                          [stack:17136]
7ffdb4000000-7ffdb4021000 rw-p 00000000 00:00 0 
7ffdb4021000-7ffdb8000000 ---p 00000000 00:00 0 
7ffdb8000000-7ffdb8021000 rw-p 00000000 00:00 0 
7ffdb8021000-7ffdbc000000 ---p 00000000 00:00 0 
7ffdbc000000-7ffdbc021000 rw-p 00000000 00:00 0 
7ffdbc021000-7ffdc0000000 ---p 00000000 00:00 0 
7ffdc0000000-7ffdc0021000 rw-p 00000000 00:00 0 
7ffdc0021000-7ffdc4000000 ---p 00000000 00:00 0 
7ffdc4000000-7ffdc4021000 rw-p 00000000 00:00 0 
7ffdc4021000-7ffdc8000000 ---p 00000000 00:00 0 
7ffdc8012000-7ffdc8063000 rw-p 00000000 00:00 0 
7ffdc8063000-7ffdc80ef000 r--s 00fea000 08:08 2761146                    /usr/lib/jvm/java-8-oracle/jre/lib/ext/jfxrt.jar
7ffdc80ef000-7ffdc80f2000 ---p 00000000 00:00 0 
7ffdc80f2000-7ffdc81f0000 rw-p 00000000 00:00 0                          [stack:17131]
7ffdc81f0000-7ffdc81f3000 ---p 00000000 00:00 0 
7ffdc81f3000-7ffdc82f1000 rw-p 00000000 00:00 0                          [stack:17130]
7ffdc82f1000-7ffdc82f4000 ---p 00000000 00:00 0 
7ffdc82f4000-7ffdc83f2000 rw-p 00000000 00:00 0                          [stack:17129]
7ffdc83f2000-7ffdc83f6000 r-xp 00000000 08:08 2760714                    /usr/lib/jvm/java-8-oracle/jre/lib/amd64/libdt_socket.so
7ffdc83f6000-7ffdc85f5000 ---p 00004000 08:08 2760714                    /usr/lib/jvm/java-8-oracle/jre/lib/amd64/libdt_socket.so
7ffdc85f5000-7ffdc85f6000 rw-p 00003000 08:08 2760714                    /usr/lib/jvm/java-8-oracle/jre/lib/amd64/libdt_socket.so
7ffdc85f6000-7ffdc85f9000 ---p 00000000 00:00 0 
7ffdc85f9000-7ffdc86f7000 rw-p 00000000 00:00 0                          [stack:17127]
7ffdc86f7000-7ffdc86fa000 ---p 00000000 00:00 0 
7ffdc86fa000-7ffdc87f8000 rw-p 00000000 00:00 0                          [stack:17125]
7ffdc87f8000-7ffdc87fb000 ---p 00000000 00:00 0 
7ffdc87fb000-7ffdc88f9000 rw-p 00000000 00:00 0                          [stack:17124]
7ffdc88f9000-7ffdc88fa000 ---p 00000000 00:00 0 
7ffdc88fa000-7ffdc9000000 rw-p 00000000 00:00 0                          [stack:17123]
7ffdc9000000-7ffdc9270000 rwxp 00000000 00:00 0 
7ffdc9270000-7ffdd8000000 ---p 00000000 00:00 0 
7ffdd8000000-7ffdd81af000 rw-p 00000000 00:00 0 
7ffdd81af000-7ffddc000000 ---p 00000000 00:00 0 
7ffddc013000-7ffddc9f7000 rw-p 00000000 00:00 0 
7ffddc9f7000-7ffddcbcd000 r--s 03cae000 08:08 2761130                    /usr/lib/jvm/java-8-oracle/jre/lib/rt.jar
7ffddcbcd000-7ffddd083000 rw-p 00000000 00:00 0 
7ffddd083000-7ffddd443000 ---p 00000000 00:00 0 
7ffddd443000-7ffddd71f000 rw-p 00000000 00:00 0 
7ffddd71f000-7ffddd720000 ---p 00000000 00:00 0 
7ffddd720000-7ffddd820000 rw-p 00000000 00:00 0                          [stack:17122]
7ffddd820000-7ffddd821000 ---p 00000000 00:00 0 
7ffddd821000-7ffddd921000 rw-p 00000000 00:00 0                          [stack:17121]
7ffddd921000-7ffddd922000 ---p 00000000 00:00 0 
7ffddd922000-7ffddda22000 rw-p 00000000 00:00 0                          [stack:17120]
7ffddda22000-7ffddda23000 ---p 00000000 00:00 0 
7ffddda23000-7ffdddb42000 rw-p 00000000 00:00 0                          [stack:17119]
7ffdddb42000-7ffdddd0b000 ---p 00000000 00:00 0 
7ffdddd0b000-7ffdddd2a000 rw-p 00000000 00:00 0 
7ffdddd2a000-7ffdddef3000 ---p 00000000 00:00 0 
7ffdddef3000-7ffdddf03000 rw-p 00000000 00:00 0 
7ffdddf03000-7ffdddfe7000 ---p 00000000 00:00 0 
7ffdddfe7000-7ffdddff2000 rw-p 00000000 00:00 0 
7ffdddff2000-7ffdde3a8000 ---p 00000000 00:00 0 
7ffdde3a8000-7ffdde3c2000 r-xp 00000000 08:08 2761101                    /usr/lib/jvm/java-8-oracle/jre/lib/amd64/libzip.so
7ffdde3c2000-7ffdde5c2000 ---p 0001a000 08:08 2761101                    /usr/lib/jvm/java-8-oracle/jre/lib/amd64/libzip.so
7ffdde5c2000-7ffdde5c3000 rw-p 0001a000 08:08 2761101                    /usr/lib/jvm/java-8-oracle/jre/lib/amd64/libzip.so
7ffdde5c3000-7ffdde5ce000 r-xp 00000000 08:08 399127                     /lib/x86_64-linux-gnu/libnss_files-2.19.so
7ffdde5ce000-7ffdde7cd000 ---p 0000b000 08:08 399127                     /lib/x86_64-linux-gnu/libnss_files-2.19.so
7ffdde7cd000-7ffdde7ce000 r--p 0000a000 08:08 399127                     /lib/x86_64-linux-gnu/libnss_files-2.19.so
7ffdde7ce000-7ffdde7cf000 rw-p 0000b000 08:08 399127                     /lib/x86_64-linux-gnu/libnss_files-2.19.so
7ffdde7cf000-7ffdde7da000 r-xp 00000000 08:08 399121                     /lib/x86_64-linux-gnu/libnss_nis-2.19.so
7ffdde7da000-7ffdde9d9000 ---p 0000b000 08:08 399121                     /lib/x86_64-linux-gnu/libnss_nis-2.19.so
7ffdde9d9000-7ffdde9da000 r--p 0000a000 08:08 399121                     /lib/x86_64-linux-gnu/libnss_nis-2.19.so
7ffdde9da000-7ffdde9db000 rw-p 0000b000 08:08 399121                     /lib/x86_64-linux-gnu/libnss_nis-2.19.so
7ffdde9db000-7ffdde9f2000 r-xp 00000000 08:08 399069                     /lib/x86_64-linux-gnu/libnsl-2.19.so
7ffdde9f2000-7ffddebf1000 ---p 00017000 08:08 399069                     /lib/x86_64-linux-gnu/libnsl-2.19.so
7ffddebf1000-7ffddebf2000 r--p 00016000 08:08 399069                     /lib/x86_64-linux-gnu/libnsl-2.19.so
7ffddebf2000-7ffddebf3000 rw-p 00017000 08:08 399069                     /lib/x86_64-linux-gnu/libnsl-2.19.so
7ffddebf3000-7ffddebf5000 rw-p 00000000 00:00 0 
7ffddebf5000-7ffddebfe000 r-xp 00000000 08:08 399061                     /lib/x86_64-linux-gnu/libnss_compat-2.19.so
7ffddebfe000-7ffddedfd000 ---p 00009000 08:08 399061                     /lib/x86_64-linux-gnu/libnss_compat-2.19.so
7ffddedfd000-7ffddedfe000 r--p 00008000 08:08 399061                     /lib/x86_64-linux-gnu/libnss_compat-2.19.so
7ffddedfe000-7ffddedff000 rw-p 00009000 08:08 399061                     /lib/x86_64-linux-gnu/libnss_compat-2.19.so
7ffddedff000-7ffddf379000 r--p 00000000 08:08 2754195                    /usr/lib/locale/locale-archive
7ffddf379000-7ffddf37b000 r-xp 00000000 08:08 2761117                    /usr/lib/jvm/java-8-oracle/jre/lib/amd64/libnpt.so
7ffddf37b000-7ffddf57b000 ---p 00002000 08:08 2761117                    /usr/lib/jvm/java-8-oracle/jre/lib/amd64/libnpt.so
7ffddf57b000-7ffddf57c000 rw-p 00002000 08:08 2761117                    /usr/lib/jvm/java-8-oracle/jre/lib/amd64/libnpt.so
7ffddf57c000-7ffddf5b5000 r-xp 00000000 08:08 2759882                    /usr/lib/jvm/java-8-oracle/jre/lib/amd64/libjdwp.so
7ffddf5b5000-7ffddf7b4000 ---p 00039000 08:08 2759882                    /usr/lib/jvm/java-8-oracle/jre/lib/amd64/libjdwp.so
7ffddf7b4000-7ffddf7b6000 rw-p 00038000 08:08 2759882                    /usr/lib/jvm/java-8-oracle/jre/lib/amd64/libjdwp.so
7ffddf7b6000-7ffddf7e0000 r-xp 00000000 08:08 2761119                    /usr/lib/jvm/java-8-oracle/jre/lib/amd64/libjava.so
7ffddf7e0000-7ffddf9e0000 ---p 0002a000 08:08 2761119                    /usr/lib/jvm/java-8-oracle/jre/lib/amd64/libjava.so
7ffddf9e0000-7ffddf9e2000 rw-p 0002a000 08:08 2761119                    /usr/lib/jvm/java-8-oracle/jre/lib/amd64/libjava.so
7ffddf9e2000-7ffddf9ef000 r-xp 00000000 08:08 2759864                    /usr/lib/jvm/java-8-oracle/jre/lib/amd64/libverify.so
7ffddf9ef000-7ffddfbef000 ---p 0000d000 08:08 2759864                    /usr/lib/jvm/java-8-oracle/jre/lib/amd64/libverify.so
7ffddfbef000-7ffddfbf1000 rw-p 0000d000 08:08 2759864                    /usr/lib/jvm/java-8-oracle/jre/lib/amd64/libverify.so
7ffddfbf1000-7ffddfbf8000 r-xp 00000000 08:08 393641                     /lib/x86_64-linux-gnu/librt-2.19.so
7ffddfbf8000-7ffddfdf7000 ---p 00007000 08:08 393641                     /lib/x86_64-linux-gnu/librt-2.19.so
7ffddfdf7000-7ffddfdf8000 r--p 00006000 08:08 393641                     /lib/x86_64-linux-gnu/librt-2.19.so
7ffddfdf8000-7ffddfdf9000 rw-p 00007000 08:08 393641                     /lib/x86_64-linux-gnu/librt-2.19.so
7ffddfdf9000-7ffddfefe000 r-xp 00000000 08:08 399065                     /lib/x86_64-linux-gnu/libm-2.19.so
7ffddfefe000-7ffde00fd000 ---p 00105000 08:08 399065                     /lib/x86_64-linux-gnu/libm-2.19.so
7ffde00fd000-7ffde00fe000 r--p 00104000 08:08 399065                     /lib/x86_64-linux-gnu/libm-2.19.so
7ffde00fe000-7ffde00ff000 rw-p 00105000 08:08 399065                     /lib/x86_64-linux-gnu/libm-2.19.so
7ffde00ff000-7ffde0d6d000 r-xp 00000000 08:08 2761033                    /usr/lib/jvm/java-8-oracle/jre/lib/amd64/server/libjvm.so
7ffde0d6d000-7ffde0f6c000 ---p 00c6e000 08:08 2761033                    /usr/lib/jvm/java-8-oracle/jre/lib/amd64/server/libjvm.so
7ffde0f6c000-7ffde1042000 rw-p 00c6d000 08:08 2761033                    /usr/lib/jvm/java-8-oracle/jre/lib/amd64/server/libjvm.so
7ffde1042000-7ffde1085000 rw-p 00000000 00:00 0 
7ffde1085000-7ffde1240000 r-xp 00000000 08:08 393526                     /lib/x86_64-linux-gnu/libc-2.19.so
7ffde1240000-7ffde1440000 ---p 001bb000 08:08 393526                     /lib/x86_64-linux-gnu/libc-2.19.so
7ffde1440000-7ffde1444000 r--p 001bb000 08:08 393526                     /lib/x86_64-linux-gnu/libc-2.19.so
7ffde1444000-7ffde1446000 rw-p 001bf000 08:08 393526                     /lib/x86_64-linux-gnu/libc-2.19.so
7ffde1446000-7ffde144b000 rw-p 00000000 00:00 0 
7ffde144b000-7ffde144e000 r-xp 00000000 08:08 399050                     /lib/x86_64-linux-gnu/libdl-2.19.so
7ffde144e000-7ffde164d000 ---p 00003000 08:08 399050                     /lib/x86_64-linux-gnu/libdl-2.19.so
7ffde164d000-7ffde164e000 r--p 00002000 08:08 399050                     /lib/x86_64-linux-gnu/libdl-2.19.so
7ffde164e000-7ffde164f000 rw-p 00003000 08:08 399050                     /lib/x86_64-linux-gnu/libdl-2.19.so
7ffde164f000-7ffde1664000 r-xp 00000000 08:08 2762010                    /usr/lib/jvm/java-8-oracle/lib/amd64/jli/libjli.so
7ffde1664000-7ffde1863000 ---p 00015000 08:08 2762010                    /usr/lib/jvm/java-8-oracle/lib/amd64/jli/libjli.so
7ffde1863000-7ffde1864000 rw-p 00014000 08:08 2762010                    /usr/lib/jvm/java-8-oracle/lib/amd64/jli/libjli.so
7ffde1864000-7ffde187d000 r-xp 00000000 08:08 399125                     /lib/x86_64-linux-gnu/libpthread-2.19.so
7ffde187d000-7ffde1a7c000 ---p 00019000 08:08 399125                     /lib/x86_64-linux-gnu/libpthread-2.19.so
7ffde1a7c000-7ffde1a7d000 r--p 00018000 08:08 399125                     /lib/x86_64-linux-gnu/libpthread-2.19.so
7ffde1a7d000-7ffde1a7e000 rw-p 00019000 08:08 399125                     /lib/x86_64-linux-gnu/libpthread-2.19.so
7ffde1a7e000-7ffde1a82000 rw-p 00000000 00:00 0 
7ffde1a82000-7ffde1aa5000 r-xp 00000000 08:08 393452                     /lib/x86_64-linux-gnu/ld-2.19.so
7ffde1aa9000-7ffde1b6e000 rw-p 00000000 00:00 0 
7ffde1b6e000-7ffde1b71000 ---p 00000000 00:00 0 
7ffde1b71000-7ffde1c73000 rw-p 00000000 00:00 0                          [stack:17115]
7ffde1c78000-7ffde1c98000 rw-p 00000000 00:00 0 
7ffde1c98000-7ffde1ca0000 rw-s 00000000 00:14 93187                      /tmp/hsperfdata_pedro/17112
7ffde1ca0000-7ffde1ca1000 rw-p 00000000 00:00 0 
7ffde1ca1000-7ffde1ca2000 r--p 00000000 00:00 0 
7ffde1ca2000-7ffde1ca4000 rw-p 00000000 00:00 0 
7ffde1ca4000-7ffde1ca5000 r--p 00022000 08:08 393452                     /lib/x86_64-linux-gnu/ld-2.19.so
7ffde1ca5000-7ffde1ca6000 rw-p 00023000 08:08 393452                     /lib/x86_64-linux-gnu/ld-2.19.so
7ffde1ca6000-7ffde1ca7000 rw-p 00000000 00:00 0 
7fff54a0c000-7fff54a2d000 rw-p 00000000 00:00 0                          [stack]
7fff54b63000-7fff54b65000 r-xp 00000000 00:00 0                          [vdso]
ffffffffff600000-ffffffffff601000 r-xp 00000000 00:00 0                  [vsyscall]

VM Arguments:
jvm_args: -agentlib:jdwp=transport=dt_socket,suspend=y,address=localhost:49115 -Dfile.encoding=UTF-8 
java_command: app.Main
java_class_path (initial): /home/pedro/workspace/MelhorPacote/SistemaEspecialista/bin:/home/pedro/workspace/MelhorPacote/SistemaEspecialista/lib/db4o-8.0.249.16098-all-java5.jar:/home/pedro/workspace/MelhorPacote/SistemaEspecialista/lib/bsh-2.0b2.jar
Launcher Type: SUN_STANDARD

Environment Variables:
PATH=/usr/local/sbin:/usr/local/bin:/usr/sbin:/usr/bin:/sbin:/bin:/usr/games:/usr/local/games
SHELL=/bin/bash
DISPLAY=:0

Signal Handlers:
SIGSEGV: [libjvm.so+0xa7a650], sa_mask[0]=11111111011111111101111111111110, sa_flags=SA_RESTART|SA_SIGINFO
SIGBUS: [libjvm.so+0xa7a650], sa_mask[0]=11111111011111111101111111111110, sa_flags=SA_RESTART|SA_SIGINFO
SIGFPE: [libjvm.so+0x8e28f0], sa_mask[0]=11111111011111111101111111111110, sa_flags=SA_RESTART|SA_SIGINFO
SIGPIPE: [libjvm.so+0x8e28f0], sa_mask[0]=11111111011111111101111111111110, sa_flags=SA_RESTART|SA_SIGINFO
SIGXFSZ: [libjvm.so+0x8e28f0], sa_mask[0]=11111111011111111101111111111110, sa_flags=SA_RESTART|SA_SIGINFO
SIGILL: [libjvm.so+0x8e28f0], sa_mask[0]=11111111011111111101111111111110, sa_flags=SA_RESTART|SA_SIGINFO
SIGUSR1: SIG_DFL, sa_mask[0]=00000000000000000000000000000000, sa_flags=none
SIGUSR2: [libjvm.so+0x8e4120], sa_mask[0]=00100000000000000000000000000000, sa_flags=SA_RESTART|SA_SIGINFO
SIGHUP: [libjvm.so+0x8e54e0], sa_mask[0]=11111111011111111101111111111110, sa_flags=SA_RESTART|SA_SIGINFO
SIGINT: [libjvm.so+0x8e54e0], sa_mask[0]=11111111011111111101111111111110, sa_flags=SA_RESTART|SA_SIGINFO
SIGTERM: [libjvm.so+0x8e54e0], sa_mask[0]=11111111011111111101111111111110, sa_flags=SA_RESTART|SA_SIGINFO
SIGQUIT: [libjvm.so+0x8e54e0], sa_mask[0]=11111111011111111101111111111110, sa_flags=SA_RESTART|SA_SIGINFO


---------------  S Y S T E M  ---------------

OS:DISTRIB_ID=Ubuntu
DISTRIB_RELEASE=14.04
DISTRIB_CODENAME=trusty
DISTRIB_DESCRIPTION="Ubuntu 14.04.1 LTS"

uname:Linux 3.13.0-34-generic #60-Ubuntu SMP Wed Aug 13 15:45:27 UTC 2014 x86_64
libc:glibc 2.19 NPTL 2.19 
rlimit: STACK 8192k, CORE 0k, NPROC 46120, NOFILE 4096, AS infinity
load average:1,02 1,28 1,66

/proc/meminfo:
MemTotal:        5990320 kB
MemFree:         2942428 kB
Buffers:          152488 kB
Cached:          1405096 kB
SwapCached:            0 kB
Active:          1562520 kB
Inactive:        1246512 kB
Active(anon):    1253872 kB
Inactive(anon):   209024 kB
Active(file):     308648 kB
Inactive(file):  1037488 kB
Unevictable:          56 kB
Mlocked:              56 kB
SwapTotal:       5566460 kB
SwapFree:        5566460 kB
Dirty:                 0 kB
Writeback:             0 kB
AnonPages:       1251384 kB
Mapped:           252256 kB
Shmem:            211452 kB
Slab:              93792 kB
SReclaimable:      54656 kB
SUnreclaim:        39136 kB
KernelStack:        4008 kB
PageTables:        32412 kB
NFS_Unstable:          0 kB
Bounce:                0 kB
WritebackTmp:          0 kB
CommitLimit:     8561620 kB
Committed_AS:    4416984 kB
VmallocTotal:   34359738367 kB
VmallocUsed:      568632 kB
VmallocChunk:   34359108452 kB
HardwareCorrupted:     0 kB
AnonHugePages:    479232 kB
HugePages_Total:       0
HugePages_Free:        0
HugePages_Rsvd:        0
HugePages_Surp:        0
Hugepagesize:       2048 kB
DirectMap4k:       77248 kB
DirectMap2M:     2947072 kB
DirectMap1G:     3145728 kB


CPU:total 4 (2 cores per cpu, 2 threads per core) family 6 model 69 stepping 1, cmov, cx8, fxsr, mmx, sse, sse2, sse3, ssse3, sse4.1, sse4.2, popcnt, avx, avx2, aes, clmul, erms, lzcnt, ht, tsc, tscinvbit, bmi1, bmi2

/proc/cpuinfo:
processor	: 0
vendor_id	: GenuineIntel
cpu family	: 6
model		: 69
model name	: Intel(R) Core(TM) i5-4200U CPU @ 1.60GHz
stepping	: 1
microcode	: 0x17
cpu MHz		: 900.000
cache size	: 3072 KB
physical id	: 0
siblings	: 4
core id		: 0
cpu cores	: 2
apicid		: 0
initial apicid	: 0
fpu		: yes
fpu_exception	: yes
cpuid level	: 13
wp		: yes
flags		: fpu vme de pse tsc msr pae mce cx8 apic sep mtrr pge mca cmov pat pse36 clflush dts acpi mmx fxsr sse sse2 ss ht tm pbe syscall nx pdpe1gb rdtscp lm constant_tsc arch_perfmon pebs bts rep_good nopl xtopology nonstop_tsc aperfmperf eagerfpu pni pclmulqdq dtes64 monitor ds_cpl vmx est tm2 ssse3 fma cx16 xtpr pdcm pcid sse4_1 sse4_2 movbe popcnt tsc_deadline_timer aes xsave avx f16c rdrand lahf_lm abm ida arat epb xsaveopt pln pts dtherm tpr_shadow vnmi flexpriority ept vpid fsgsbase tsc_adjust bmi1 avx2 smep bmi2 erms invpcid
bogomips	: 4589.54
clflush size	: 64
cache_alignment	: 64
address sizes	: 39 bits physical, 48 bits virtual
power management:

processor	: 1
vendor_id	: GenuineIntel
cpu family	: 6
model		: 69
model name	: Intel(R) Core(TM) i5-4200U CPU @ 1.60GHz
stepping	: 1
microcode	: 0x17
cpu MHz		: 1600.000
cache size	: 3072 KB
physical id	: 0
siblings	: 4
core id		: 0
cpu cores	: 2
apicid		: 1
initial apicid	: 1
fpu		: yes
fpu_exception	: yes
cpuid level	: 13
wp		: yes
flags		: fpu vme de pse tsc msr pae mce cx8 apic sep mtrr pge mca cmov pat pse36 clflush dts acpi mmx fxsr sse sse2 ss ht tm pbe syscall nx pdpe1gb rdtscp lm constant_tsc arch_perfmon pebs bts rep_good nopl xtopology nonstop_tsc aperfmperf eagerfpu pni pclmulqdq dtes64 monitor ds_cpl vmx est tm2 ssse3 fma cx16 xtpr pdcm pcid sse4_1 sse4_2 movbe popcnt tsc_deadline_timer aes xsave avx f16c rdrand lahf_lm abm ida arat epb xsaveopt pln pts dtherm tpr_shadow vnmi flexpriority ept vpid fsgsbase tsc_adjust bmi1 avx2 smep bmi2 erms invpcid
bogomips	: 4589.54
clflush size	: 64
cache_alignment	: 64
address sizes	: 39 bits physical, 48 bits virtual
power management:

processor	: 2
vendor_id	: GenuineIntel
cpu family	: 6
model		: 69
model name	: Intel(R) Core(TM) i5-4200U CPU @ 1.60GHz
stepping	: 1
microcode	: 0x17
cpu MHz		: 1500.000
cache size	: 3072 KB
physical id	: 0
siblings	: 4
core id		: 1
cpu cores	: 2
apicid		: 2
initial apicid	: 2
fpu		: yes
fpu_exception	: yes
cpuid level	: 13
wp		: yes
flags		: fpu vme de pse tsc msr pae mce cx8 apic sep mtrr pge mca cmov pat pse36 clflush dts acpi mmx fxsr sse sse2 ss ht tm pbe syscall nx pdpe1gb rdtscp lm constant_tsc arch_perfmon pebs bts rep_good nopl xtopology nonstop_tsc aperfmperf eagerfpu pni pclmulqdq dtes64 monitor ds_cpl vmx est tm2 ssse3 fma cx16 xtpr pdcm pcid sse4_1 sse4_2 movbe popcnt tsc_deadline_timer aes xsave avx f16c rdrand lahf_lm abm ida arat epb xsaveopt pln pts dtherm tpr_shadow vnmi flexpriority ept vpid fsgsbase tsc_adjust bmi1 avx2 smep bmi2 erms invpcid
bogomips	: 4589.54
clflush size	: 64
cache_alignment	: 64
address sizes	: 39 bits physical, 48 bits virtual
power management:

processor	: 3
vendor_id	: GenuineIntel
cpu family	: 6
model		: 69
model name	: Intel(R) Core(TM) i5-4200U CPU @ 1.60GHz
stepping	: 1
microcode	: 0x17
cpu MHz		: 1600.000
cache size	: 3072 KB
physical id	: 0
siblings	: 4
core id		: 1
cpu cores	: 2
apicid		: 3
initial apicid	: 3
fpu		: yes
fpu_exception	: yes
cpuid level	: 13
wp		: yes
flags		: fpu vme de pse tsc msr pae mce cx8 apic sep mtrr pge mca cmov pat pse36 clflush dts acpi mmx fxsr sse sse2 ss ht tm pbe syscall nx pdpe1gb rdtscp lm constant_tsc arch_perfmon pebs bts rep_good nopl xtopology nonstop_tsc aperfmperf eagerfpu pni pclmulqdq dtes64 monitor ds_cpl vmx est tm2 ssse3 fma cx16 xtpr pdcm pcid sse4_1 sse4_2 movbe popcnt tsc_deadline_timer aes xsave avx f16c rdrand lahf_lm abm ida arat epb xsaveopt pln pts dtherm tpr_shadow vnmi flexpriority ept vpid fsgsbase tsc_adjust bmi1 avx2 smep bmi2 erms invpcid
bogomips	: 4589.54
clflush size	: 64
cache_alignment	: 64
address sizes	: 39 bits physical, 48 bits virtual
power management:



Memory: 4k page, physical 5990320k(2942428k free), swap 5566460k(5566460k free)

vm_info: Java HotSpot(TM) 64-Bit Server VM (25.31-b07) for linux-amd64 JRE (1.8.0_31-b13), built on Dec 17 2014 20:40:15 by "java_re" with gcc 4.3.0 20080428 (Red Hat 4.3.0-8)

time: Fri Jan 30 14:01:50 2015
elapsed time: 5 seconds (0d 0h 0m 5s)

